Start testing: May 25 23:38 RTZ 2 (çèìà)
----------------------------------------------------------
1/1 Testing: bst_test
1/1 Test: bst_test
Command: "D:/University/Dev/C++/labwork8/build/Debug/bst_test.exe"
Directory: D:/University/Dev/C++/labwork8/build
"bst_test" start time: May 25 23:38 RTZ 2 (çèìà)
Output:
----------------------------------------------------------
[==========] Running 4 tests from 1 test suite.
[----------] Global test environment set-up.
[----------] 4 tests from BSTTest
[ RUN      ] BSTTest.InOrderTraversal
[       OK ] BSTTest.InOrderTraversal (0 ms)
[ RUN      ] BSTTest.PreOrderTraversal
[       OK ] BSTTest.PreOrderTraversal (0 ms)
[ RUN      ] BSTTest.PostOrderTraversal
[       OK ] BSTTest.PostOrderTraversal (0 ms)
[ RUN      ] BSTTest.InsertAndFind
[       OK ] BSTTest.InsertAndFind (0 ms)
[----------] 4 tests from BSTTest (0 ms total)

[----------] Global test environment tear-down
[==========] 4 tests from 1 test suite ran. (6 ms total)
[  PASSED  ] 4 tests.
<end of output>
Test time =   0.06 sec
----------------------------------------------------------
Test Passed.
"bst_test" end time: May 25 23:38 RTZ 2 (çèìà)
"bst_test" time elapsed: 00:00:00
----------------------------------------------------------

End testing: May 25 23:38 RTZ 2 (çèìà)
